{"artifact":"/home/hota822/rust/Rust/sample_code/serde/target/rls/debug/deps/proc_macro2-440f4bb2ecad955a.d","emit":"dep-info"}
{"artifact":"/home/hota822/rust/Rust/sample_code/serde/target/rls/debug/deps/save-analysis/libproc_macro2-440f4bb2ecad955a.json","emit":"save-analysis"}
{"artifact":"/home/hota822/rust/Rust/sample_code/serde/target/rls/debug/deps/libproc_macro2-440f4bb2ecad955a.rmeta","emit":"metadata"}
{"artifact":"/home/hota822/rust/Rust/sample_code/serde/target/rls/debug/deps/libproc_macro2-440f4bb2ecad955a.rlib","emit":"link"}
{"artifact":"/home/hota822/rust/Rust/sample_code/serde/target/rls/debug/deps/quote-41e0521733b2f2fe.d","emit":"dep-info"}
{"artifact":"/home/hota822/rust/Rust/sample_code/serde/target/rls/debug/deps/save-analysis/libquote-41e0521733b2f2fe.json","emit":"save-analysis"}
{"artifact":"/home/hota822/rust/Rust/sample_code/serde/target/rls/debug/deps/libquote-41e0521733b2f2fe.rmeta","emit":"metadata"}
{"artifact":"/home/hota822/rust/Rust/sample_code/serde/target/rls/debug/deps/libquote-41e0521733b2f2fe.rlib","emit":"link"}
{"artifact":"/home/hota822/rust/Rust/sample_code/serde/target/rls/debug/deps/unicode_xid-58dcdd226b70e35e.d","emit":"dep-info"}
{"artifact":"/home/hota822/rust/Rust/sample_code/serde/target/rls/debug/deps/save-analysis/libunicode_xid-58dcdd226b70e35e.json","emit":"save-analysis"}
{"artifact":"/home/hota822/rust/Rust/sample_code/serde/target/rls/debug/deps/libunicode_xid-58dcdd226b70e35e.rmeta","emit":"metadata"}
{"artifact":"/home/hota822/rust/Rust/sample_code/serde/target/rls/debug/deps/libunicode_xid-58dcdd226b70e35e.rlib","emit":"link"}
{"artifact":"/home/hota822/rust/Rust/sample_code/serde/target/rls/debug/deps/matches-59d2944ebd6a7c32.d","emit":"dep-info"}
{"artifact":"/home/hota822/rust/Rust/sample_code/serde/target/rls/debug/deps/save-analysis/libmatches-59d2944ebd6a7c32.json","emit":"save-analysis"}
{"artifact":"/home/hota822/rust/Rust/sample_code/serde/target/rls/debug/deps/libmatches-59d2944ebd6a7c32.rmeta","emit":"metadata"}
{"artifact":"/home/hota822/rust/Rust/sample_code/serde/target/rls/debug/deps/libmatches-59d2944ebd6a7c32.rlib","emit":"link"}
{"artifact":"/home/hota822/rust/Rust/sample_code/serde/target/rls/debug/deps/smallvec-c9e8e43bbf961079.d","emit":"dep-info"}
{"artifact":"/home/hota822/rust/Rust/sample_code/serde/target/rls/debug/deps/save-analysis/libsmallvec-c9e8e43bbf961079.json","emit":"save-analysis"}
{"artifact":"/home/hota822/rust/Rust/sample_code/serde/target/rls/debug/deps/libsmallvec-c9e8e43bbf961079.rmeta","emit":"metadata"}
{"artifact":"/home/hota822/rust/Rust/sample_code/serde/target/rls/debug/deps/libsmallvec-c9e8e43bbf961079.rlib","emit":"link"}
{"artifact":"/home/hota822/rust/Rust/sample_code/serde/target/rls/debug/deps/cfg_if-f1737ba34a598554.d","emit":"dep-info"}
{"artifact":"/home/hota822/rust/Rust/sample_code/serde/target/rls/debug/deps/save-analysis/libcfg_if-f1737ba34a598554.json","emit":"save-analysis"}
{"artifact":"/home/hota822/rust/Rust/sample_code/serde/target/rls/debug/deps/libcfg_if-f1737ba34a598554.rmeta","emit":"metadata"}
{"artifact":"/home/hota822/rust/Rust/sample_code/serde/target/rls/debug/deps/libcfg_if-f1737ba34a598554.rlib","emit":"link"}
{"artifact":"/home/hota822/rust/Rust/sample_code/serde/target/rls/debug/deps/percent_encoding-b9bd755c43a51cb0.d","emit":"dep-info"}
{"artifact":"/home/hota822/rust/Rust/sample_code/serde/target/rls/debug/deps/save-analysis/libpercent_encoding-b9bd755c43a51cb0.json","emit":"save-analysis"}
{"artifact":"/home/hota822/rust/Rust/sample_code/serde/target/rls/debug/deps/libpercent_encoding-b9bd755c43a51cb0.rmeta","emit":"metadata"}
{"artifact":"/home/hota822/rust/Rust/sample_code/serde/target/rls/debug/deps/libpercent_encoding-b9bd755c43a51cb0.rlib","emit":"link"}
{"artifact":"/home/hota822/rust/Rust/sample_code/serde/target/rls/debug/deps/safemem-8970c5fe8a1e7e03.d","emit":"dep-info"}
{"artifact":"/home/hota822/rust/Rust/sample_code/serde/target/rls/debug/deps/save-analysis/libsafemem-8970c5fe8a1e7e03.json","emit":"save-analysis"}
{"artifact":"/home/hota822/rust/Rust/sample_code/serde/target/rls/debug/deps/libsafemem-8970c5fe8a1e7e03.rmeta","emit":"metadata"}
{"artifact":"/home/hota822/rust/Rust/sample_code/serde/target/rls/debug/deps/libsafemem-8970c5fe8a1e7e03.rlib","emit":"link"}
{"artifact":"/home/hota822/rust/Rust/sample_code/serde/target/rls/debug/deps/typeable-343d0da017550278.d","emit":"dep-info"}
{"artifact":"/home/hota822/rust/Rust/sample_code/serde/target/rls/debug/deps/save-analysis/libtypeable-343d0da017550278.json","emit":"save-analysis"}
{"artifact":"/home/hota822/rust/Rust/sample_code/serde/target/rls/debug/deps/libtypeable-343d0da017550278.rmeta","emit":"metadata"}
{"artifact":"/home/hota822/rust/Rust/sample_code/serde/target/rls/debug/deps/libtypeable-343d0da017550278.rlib","emit":"link"}
{"artifact":"/home/hota822/rust/Rust/sample_code/serde/target/rls/debug/deps/language_tags-0bbc80c79eb892c1.d","emit":"dep-info"}
{"artifact":"/home/hota822/rust/Rust/sample_code/serde/target/rls/debug/deps/save-analysis/liblanguage_tags-0bbc80c79eb892c1.json","emit":"save-analysis"}
{"artifact":"/home/hota822/rust/Rust/sample_code/serde/target/rls/debug/deps/liblanguage_tags-0bbc80c79eb892c1.rmeta","emit":"metadata"}
{"artifact":"/home/hota822/rust/Rust/sample_code/serde/target/rls/debug/deps/traitobject-1ab3683d246ecd80.d","emit":"dep-info"}
{"artifact":"/home/hota822/rust/Rust/sample_code/serde/target/rls/debug/deps/save-analysis/libtraitobject-1ab3683d246ecd80.json","emit":"save-analysis"}
{"artifact":"/home/hota822/rust/Rust/sample_code/serde/target/rls/debug/deps/libtraitobject-1ab3683d246ecd80.rmeta","emit":"metadata"}
{"artifact":"/home/hota822/rust/Rust/sample_code/serde/target/rls/debug/deps/libtraitobject-1ab3683d246ecd80.rlib","emit":"link"}
{"artifact":"/home/hota822/rust/Rust/sample_code/serde/target/rls/debug/deps/liblanguage_tags-0bbc80c79eb892c1.rlib","emit":"link"}
{"artifact":"/home/hota822/rust/Rust/sample_code/serde/target/rls/debug/deps/percent_encoding-03d6c6134d632bc6.d","emit":"dep-info"}
{"artifact":"/home/hota822/rust/Rust/sample_code/serde/target/rls/debug/deps/save-analysis/libpercent_encoding-03d6c6134d632bc6.json","emit":"save-analysis"}
{"artifact":"/home/hota822/rust/Rust/sample_code/serde/target/rls/debug/deps/libpercent_encoding-03d6c6134d632bc6.rmeta","emit":"metadata"}
{"artifact":"/home/hota822/rust/Rust/sample_code/serde/target/rls/debug/deps/libpercent_encoding-03d6c6134d632bc6.rlib","emit":"link"}
{"artifact":"/home/hota822/rust/Rust/sample_code/serde/target/rls/debug/deps/state-265a76439a68b892.d","emit":"dep-info"}
{"artifact":"/home/hota822/rust/Rust/sample_code/serde/target/rls/debug/deps/save-analysis/libstate-265a76439a68b892.json","emit":"save-analysis"}
{"artifact":"/home/hota822/rust/Rust/sample_code/serde/target/rls/debug/deps/libstate-265a76439a68b892.rmeta","emit":"metadata"}
{"artifact":"/home/hota822/rust/Rust/sample_code/serde/target/rls/debug/deps/libstate-265a76439a68b892.rlib","emit":"link"}
{"artifact":"/home/hota822/rust/Rust/sample_code/serde/target/rls/debug/deps/unicode_bidi-450f6fd99aca40a1.d","emit":"dep-info"}
{"artifact":"/home/hota822/rust/Rust/sample_code/serde/target/rls/debug/deps/save-analysis/libunicode_bidi-450f6fd99aca40a1.json","emit":"save-analysis"}
{"artifact":"/home/hota822/rust/Rust/sample_code/serde/target/rls/debug/deps/libunicode_bidi-450f6fd99aca40a1.rmeta","emit":"metadata"}
{"artifact":"/home/hota822/rust/Rust/sample_code/serde/target/rls/debug/deps/unicode_normalization-605902500adafde6.d","emit":"dep-info"}
{"artifact":"/home/hota822/rust/Rust/sample_code/serde/target/rls/debug/deps/libunicode_bidi-450f6fd99aca40a1.rlib","emit":"link"}
{"artifact":"/home/hota822/rust/Rust/sample_code/serde/target/rls/debug/deps/libunicode_normalization-605902500adafde6.rmeta","emit":"metadata"}
{"artifact":"/home/hota822/rust/Rust/sample_code/serde/target/rls/debug/deps/libunicode_normalization-605902500adafde6.rlib","emit":"link"}
{"artifact":"/home/hota822/rust/Rust/sample_code/serde/target/rls/debug/deps/libc-5e70035ccfd0623b.d","emit":"dep-info"}
{"artifact":"/home/hota822/rust/Rust/sample_code/serde/target/rls/debug/deps/proc_macro2-6591127b7d3cd563.d","emit":"dep-info"}
{"artifact":"/home/hota822/rust/Rust/sample_code/serde/target/rls/debug/deps/liblibc-5e70035ccfd0623b.rmeta","emit":"metadata"}
{"artifact":"/home/hota822/rust/Rust/sample_code/serde/target/rls/debug/deps/liblibc-5e70035ccfd0623b.rlib","emit":"link"}
{"artifact":"/home/hota822/rust/Rust/sample_code/serde/target/rls/debug/deps/save-analysis/libproc_macro2-6591127b7d3cd563.json","emit":"save-analysis"}
{"artifact":"/home/hota822/rust/Rust/sample_code/serde/target/rls/debug/deps/libproc_macro2-6591127b7d3cd563.rmeta","emit":"metadata"}
{"artifact":"/home/hota822/rust/Rust/sample_code/serde/target/rls/debug/deps/libproc_macro2-6591127b7d3cd563.rlib","emit":"link"}
{"artifact":"/home/hota822/rust/Rust/sample_code/serde/target/rls/debug/deps/log-2ff13020d2e94f5d.d","emit":"dep-info"}
{"artifact":"/home/hota822/rust/Rust/sample_code/serde/target/rls/debug/deps/save-analysis/liblog-2ff13020d2e94f5d.json","emit":"save-analysis"}
{"artifact":"/home/hota822/rust/Rust/sample_code/serde/target/rls/debug/deps/liblog-2ff13020d2e94f5d.rmeta","emit":"metadata"}
{"artifact":"/home/hota822/rust/Rust/sample_code/serde/target/rls/debug/deps/liblog-2ff13020d2e94f5d.rlib","emit":"link"}
{"artifact":"/home/hota822/rust/Rust/sample_code/serde/target/rls/debug/deps/httparse-89c674de115d09be.d","emit":"dep-info"}
{"artifact":"/home/hota822/rust/Rust/sample_code/serde/target/rls/debug/deps/save-analysis/libhttparse-89c674de115d09be.json","emit":"save-analysis"}
{"artifact":"/home/hota822/rust/Rust/sample_code/serde/target/rls/debug/deps/libhttparse-89c674de115d09be.rmeta","emit":"metadata"}
{"artifact":"/home/hota822/rust/Rust/sample_code/serde/target/rls/debug/deps/libhttparse-89c674de115d09be.rlib","emit":"link"}
{"artifact":"/home/hota822/rust/Rust/sample_code/serde/target/rls/debug/deps/byteorder-89e3bc93e8d0f9f0.d","emit":"dep-info"}
{"artifact":"/home/hota822/rust/Rust/sample_code/serde/target/rls/debug/deps/save-analysis/libbyteorder-89e3bc93e8d0f9f0.json","emit":"save-analysis"}
{"artifact":"/home/hota822/rust/Rust/sample_code/serde/target/rls/debug/deps/libbyteorder-89e3bc93e8d0f9f0.rmeta","emit":"metadata"}
{"artifact":"/home/hota822/rust/Rust/sample_code/serde/target/rls/debug/deps/libbyteorder-89e3bc93e8d0f9f0.rlib","emit":"link"}
{"artifact":"/home/hota822/rust/Rust/sample_code/serde/target/rls/debug/deps/bitflags-6c14cce4865eaed0.d","emit":"dep-info"}
{"artifact":"/home/hota822/rust/Rust/sample_code/serde/target/rls/debug/deps/save-analysis/libbitflags-6c14cce4865eaed0.json","emit":"save-analysis"}
{"artifact":"/home/hota822/rust/Rust/sample_code/serde/target/rls/debug/deps/libbitflags-6c14cce4865eaed0.rmeta","emit":"metadata"}
{"artifact":"/home/hota822/rust/Rust/sample_code/serde/target/rls/debug/deps/libbitflags-6c14cce4865eaed0.rlib","emit":"link"}
{"artifact":"/home/hota822/rust/Rust/sample_code/serde/target/rls/debug/deps/idna-b95cb4a787dbf3b9.d","emit":"dep-info"}
{"artifact":"/home/hota822/rust/Rust/sample_code/serde/target/rls/debug/deps/libidna-b95cb4a787dbf3b9.rmeta","emit":"metadata"}
{"artifact":"/home/hota822/rust/Rust/sample_code/serde/target/rls/debug/deps/libidna-b95cb4a787dbf3b9.rlib","emit":"link"}
{"artifact":"/home/hota822/rust/Rust/sample_code/serde/target/rls/debug/deps/num_cpus-30408211c141fffe.d","emit":"dep-info"}
{"artifact":"/home/hota822/rust/Rust/sample_code/serde/target/rls/debug/deps/save-analysis/libnum_cpus-30408211c141fffe.json","emit":"save-analysis"}
{"artifact":"/home/hota822/rust/Rust/sample_code/serde/target/rls/debug/deps/libnum_cpus-30408211c141fffe.rmeta","emit":"metadata"}
{"artifact":"/home/hota822/rust/Rust/sample_code/serde/target/rls/debug/deps/time-599df4b89fe482d7.d","emit":"dep-info"}
{"artifact":"/home/hota822/rust/Rust/sample_code/serde/target/rls/debug/deps/libnum_cpus-30408211c141fffe.rlib","emit":"link"}
{"artifact":"/home/hota822/rust/Rust/sample_code/serde/target/rls/debug/deps/save-analysis/libtime-599df4b89fe482d7.json","emit":"save-analysis"}
{"artifact":"/home/hota822/rust/Rust/sample_code/serde/target/rls/debug/deps/libtime-599df4b89fe482d7.rmeta","emit":"metadata"}
{"artifact":"/home/hota822/rust/Rust/sample_code/serde/target/rls/debug/deps/quote-54fe07b7c531d8de.d","emit":"dep-info"}
{"artifact":"/home/hota822/rust/Rust/sample_code/serde/target/rls/debug/deps/save-analysis/libquote-54fe07b7c531d8de.json","emit":"save-analysis"}
{"artifact":"/home/hota822/rust/Rust/sample_code/serde/target/rls/debug/deps/libquote-54fe07b7c531d8de.rmeta","emit":"metadata"}
{"artifact":"/home/hota822/rust/Rust/sample_code/serde/target/rls/debug/deps/libtime-599df4b89fe482d7.rlib","emit":"link"}
{"artifact":"/home/hota822/rust/Rust/sample_code/serde/target/rls/debug/deps/libquote-54fe07b7c531d8de.rlib","emit":"link"}
{"artifact":"/home/hota822/rust/Rust/sample_code/serde/target/rls/debug/deps/log-92e5e83f31c490ce.d","emit":"dep-info"}
{"artifact":"/home/hota822/rust/Rust/sample_code/serde/target/rls/debug/deps/save-analysis/liblog-92e5e83f31c490ce.json","emit":"save-analysis"}
{"artifact":"/home/hota822/rust/Rust/sample_code/serde/target/rls/debug/deps/liblog-92e5e83f31c490ce.rmeta","emit":"metadata"}
{"artifact":"/home/hota822/rust/Rust/sample_code/serde/target/rls/debug/deps/liblog-92e5e83f31c490ce.rlib","emit":"link"}
{"artifact":"/home/hota822/rust/Rust/sample_code/serde/target/rls/debug/deps/base64-fe19c641f20717ff.d","emit":"dep-info"}
{"artifact":"/home/hota822/rust/Rust/sample_code/serde/target/rls/debug/deps/save-analysis/libbase64-fe19c641f20717ff.json","emit":"save-analysis"}
{"artifact":"/home/hota822/rust/Rust/sample_code/serde/target/rls/debug/deps/libbase64-fe19c641f20717ff.rmeta","emit":"metadata"}
{"artifact":"/home/hota822/rust/Rust/sample_code/serde/target/rls/debug/deps/libbase64-fe19c641f20717ff.rlib","emit":"link"}
{"artifact":"/home/hota822/rust/Rust/sample_code/serde/target/rls/debug/deps/unicase-31346d74c8904999.d","emit":"dep-info"}
{"artifact":"/home/hota822/rust/Rust/sample_code/serde/target/rls/debug/deps/save-analysis/libunicase-31346d74c8904999.json","emit":"save-analysis"}
{"artifact":"/home/hota822/rust/Rust/sample_code/serde/target/rls/debug/deps/libunicase-31346d74c8904999.rmeta","emit":"metadata"}
{"artifact":"/home/hota822/rust/Rust/sample_code/serde/target/rls/debug/deps/libunicase-31346d74c8904999.rlib","emit":"link"}
{"artifact":"/home/hota822/rust/Rust/sample_code/serde/target/rls/debug/deps/indexmap-62ef63659f11c204.d","emit":"dep-info"}
{"artifact":"/home/hota822/rust/Rust/sample_code/serde/target/rls/debug/deps/save-analysis/libindexmap-62ef63659f11c204.json","emit":"save-analysis"}
{"artifact":"/home/hota822/rust/Rust/sample_code/serde/target/rls/debug/deps/libindexmap-62ef63659f11c204.rmeta","emit":"metadata"}
{"artifact":"/home/hota822/rust/Rust/sample_code/serde/target/rls/debug/deps/libindexmap-62ef63659f11c204.rlib","emit":"link"}
{"artifact":"/home/hota822/rust/Rust/sample_code/serde/target/rls/debug/deps/url-09242c036ef651b3.d","emit":"dep-info"}
{"artifact":"/home/hota822/rust/Rust/sample_code/serde/target/rls/debug/deps/cookie-500d3eef2ff3d72b.d","emit":"dep-info"}
{"artifact":"/home/hota822/rust/Rust/sample_code/serde/target/rls/debug/deps/save-analysis/liburl-09242c036ef651b3.json","emit":"save-analysis"}
{"artifact":"/home/hota822/rust/Rust/sample_code/serde/target/rls/debug/deps/save-analysis/libcookie-500d3eef2ff3d72b.json","emit":"save-analysis"}
{"artifact":"/home/hota822/rust/Rust/sample_code/serde/target/rls/debug/deps/libcookie-500d3eef2ff3d72b.rmeta","emit":"metadata"}
{"artifact":"/home/hota822/rust/Rust/sample_code/serde/target/rls/debug/deps/liburl-09242c036ef651b3.rmeta","emit":"metadata"}
{"artifact":"/home/hota822/rust/Rust/sample_code/serde/target/rls/debug/deps/libcookie-500d3eef2ff3d72b.rlib","emit":"link"}
{"artifact":"/home/hota822/rust/Rust/sample_code/serde/target/rls/debug/deps/liburl-09242c036ef651b3.rlib","emit":"link"}
{"artifact":"/home/hota822/rust/Rust/sample_code/serde/target/rls/debug/deps/syn-9567bc629f1463db.d","emit":"dep-info"}
{"artifact":"/home/hota822/rust/Rust/sample_code/serde/target/rls/debug/deps/mime-e7af44c92d0d536e.d","emit":"dep-info"}
{"artifact":"/home/hota822/rust/Rust/sample_code/serde/target/rls/debug/deps/save-analysis/libmime-e7af44c92d0d536e.json","emit":"save-analysis"}
{"artifact":"/home/hota822/rust/Rust/sample_code/serde/target/rls/debug/deps/libmime-e7af44c92d0d536e.rmeta","emit":"metadata"}
{"artifact":"/home/hota822/rust/Rust/sample_code/serde/target/rls/debug/deps/libmime-e7af44c92d0d536e.rlib","emit":"link"}
{"artifact":"/home/hota822/rust/Rust/sample_code/serde/target/rls/debug/deps/hyper-59e87eac03b61e6c.d","emit":"dep-info"}
{"artifact":"/home/hota822/rust/Rust/sample_code/serde/target/rls/debug/deps/save-analysis/libsyn-9567bc629f1463db.json","emit":"save-analysis"}
{"artifact":"/home/hota822/rust/Rust/sample_code/serde/target/rls/debug/deps/save-analysis/libhyper-59e87eac03b61e6c.json","emit":"save-analysis"}
{"artifact":"/home/hota822/rust/Rust/sample_code/serde/target/rls/debug/deps/libhyper-59e87eac03b61e6c.rmeta","emit":"metadata"}
{"artifact":"/home/hota822/rust/Rust/sample_code/serde/target/rls/debug/deps/libsyn-9567bc629f1463db.rmeta","emit":"metadata"}
{"artifact":"/home/hota822/rust/Rust/sample_code/serde/target/rls/debug/deps/libhyper-59e87eac03b61e6c.rlib","emit":"link"}
{"artifact":"/home/hota822/rust/Rust/sample_code/serde/target/rls/debug/deps/libsyn-9567bc629f1463db.rlib","emit":"link"}
{"artifact":"/home/hota822/rust/Rust/sample_code/serde/target/rls/debug/deps/devise_core-9fcc4fd352ac7d80.d","emit":"dep-info"}
{"artifact":"/home/hota822/rust/Rust/sample_code/serde/target/rls/debug/deps/save-analysis/libdevise_core-9fcc4fd352ac7d80.json","emit":"save-analysis"}
{"artifact":"/home/hota822/rust/Rust/sample_code/serde/target/rls/debug/deps/libdevise_core-9fcc4fd352ac7d80.rmeta","emit":"metadata"}
{"artifact":"/home/hota822/rust/Rust/sample_code/serde/target/rls/debug/deps/libdevise_core-9fcc4fd352ac7d80.rlib","emit":"link"}
{"artifact":"/home/hota822/rust/Rust/sample_code/serde/target/rls/debug/deps/pear-87257a9f2a2e236f.d","emit":"dep-info"}
{"artifact":"/home/hota822/rust/Rust/sample_code/serde/target/rls/debug/deps/save-analysis/libpear-87257a9f2a2e236f.json","emit":"save-analysis"}
{"artifact":"/home/hota822/rust/Rust/sample_code/serde/target/rls/debug/deps/libpear-87257a9f2a2e236f.rmeta","emit":"metadata"}
{"artifact":"/home/hota822/rust/Rust/sample_code/serde/target/rls/debug/deps/libpear-87257a9f2a2e236f.rlib","emit":"link"}
